[0807/223137.923:ERROR:process_reader_win.cc(127)] NtOpenThread: {Access Denied} A process has requested access to an object, but has not been granted those access rights. (0xc0000022)
[0807/223137.985:ERROR:exception_snapshot_win.cc(99)] thread ID 14888 not found in process
[0807/223138.017:ERROR:process_reader_win.cc(127)] NtOpenThread: {Access Denied} A process has requested access to an object, but has not been granted those access rights. (0xc0000022)
[0807/223138.017:ERROR:exception_snapshot_win.cc(99)] thread ID 9044 not found in process
[0807/223138.267:ERROR:minidumpwritedump_with_crashpad_info.cc(435)] Failed to call MiniDumpWriteDump: Access is denied. (0x80070005)
[0807/223138.267:ERROR:minidumpwritedump_with_crashpad_info.cc(592)] Failed to write minidump file
[0807/223138.267:ERROR:crash_report_exception_handler.cc(132)] TryMiniDumpWriteDumpWithCrashpadInfo failed
[0807/223138.267:ERROR:process_memory_win.cc(73)] ReadMemory at 0x1b6599c13a0 of 72 bytes failed: Only part of a ReadProcessMemory or WriteProcessMemory request was completed. (0x12B)
[0807/223138.267:WARNING:pe_image_annotations_reader.cc(134)] could not read annotations list object in C:\Program Files (x86)\Microsoft\Edge\Application\84.0.522.52\msedge_elf.dll
[0807/223138.267:ERROR:process_memory_win.cc(73)] ReadMemory at 0x1b6599fdcb0 of 72 bytes failed: Only part of a ReadProcessMemory or WriteProcessMemory request was completed. (0x12B)
[0807/223138.267:WARNING:pe_image_annotations_reader.cc(134)] could not read annotations list object in C:\Program Files (x86)\Microsoft\Edge\Application\84.0.522.52\msedge.dll
[0807/223138.298:ERROR:process_memory_win.cc(73)] ReadMemory at 0x1b6599c13a0 of 72 bytes failed: Only part of a ReadProcessMemory or WriteProcessMemory request was completed. (0x12B)
[0807/223138.298:WARNING:pe_image_annotations_reader.cc(134)] could not read annotations list object in C:\Program Files (x86)\Microsoft\Edge\Application\84.0.522.52\msedge_elf.dll
[0807/223138.298:ERROR:process_memory_win.cc(73)] ReadMemory at 0x1b6599fdcb0 of 72 bytes failed: Only part of a ReadProcessMemory or WriteProcessMemory request was completed. (0x12B)
[0807/223138.298:WARNING:pe_image_annotations_reader.cc(134)] could not read annotations list object in C:\Program Files (x86)\Microsoft\Edge\Application\84.0.522.52\msedge.dll
[0807/223138.298:ERROR:process_memory_win.cc(73)] ReadMemory at 0x1b6599c13a0 of 72 bytes failed: Only part of a ReadProcessMemory or WriteProcessMemory request was completed. (0x12B)
[0807/223138.298:WARNING:pe_image_annotations_reader.cc(134)] could not read annotations list object in C:\Program Files (x86)\Microsoft\Edge\Application\84.0.522.52\msedge_elf.dll
[0807/223138.298:ERROR:process_memory_win.cc(73)] ReadMemory at 0x1b6599fdcb0 of 72 bytes failed: Only part of a ReadProcessMemory or WriteProcessMemory request was completed. (0x12B)
[0807/223138.298:WARNING:pe_image_annotations_reader.cc(134)] could not read annotations list object in C:\Program Files (x86)\Microsoft\Edge\Application\84.0.522.52\msedge.dll
[0807/223138.298:ERROR:process_memory_win.cc(73)] ReadMemory at 0x1b6599c13a0 of 72 bytes failed: Only part of a ReadProcessMemory or WriteProcessMemory request was completed. (0x12B)
[0807/223138.298:WARNING:pe_image_annotations_reader.cc(134)] could not read annotations list object in C:\Program Files (x86)\Microsoft\Edge\Application\84.0.522.52\msedge_elf.dll
[0807/223138.298:ERROR:process_memory_win.cc(73)] ReadMemory at 0x1b6599fdcb0 of 72 bytes failed: Only part of a ReadProcessMemory or WriteProcessMemory request was completed. (0x12B)
[0807/223138.298:WARNING:pe_image_annotations_reader.cc(134)] could not read annotations list object in C:\Program Files (x86)\Microsoft\Edge\Application\84.0.522.52\msedge.dll
[0807/223138.329:ERROR:process_memory_win.cc(73)] ReadMemory at 0x8394dd9000 of 852 bytes failed: Only part of a ReadProcessMemory or WriteProcessMemory request was completed. (0x12B)
[0807/223138.329:ERROR:process_memory_win.cc(73)] ReadMemory at 0x1b6578a02a0 of 40 bytes failed: Only part of a ReadProcessMemory or WriteProcessMemory request was completed. (0x12B)
[0807/223138.329:ERROR:process_memory_win.cc(73)] ReadMemory at 0x1b6578b02a0 of 40 bytes failed: Only part of a ReadProcessMemory or WriteProcessMemory request was completed. (0x12B)
[0807/223138.329:ERROR:process_memory_win.cc(73)] ReadMemory at 0x1b6599b02a0 of 40 bytes failed: Only part of a ReadProcessMemory or WriteProcessMemory request was completed. (0x12B)
[0807/223138.329:ERROR:process_memory_win.cc(73)] ReadMemory at 0x1b6599b0fc0 of 12536 bytes failed: Only part of a ReadProcessMemory or WriteProcessMemory request was completed. (0x12B)
[0807/223138.329:ERROR:process_memory_win.cc(73)] ReadMemory at 0x1b6599b40c0 of 1012 bytes failed: Only part of a ReadProcessMemory or WriteProcessMemory request was completed. (0x12B)
[0807/223138.329:ERROR:process_memory_win.cc(73)] ReadMemory at 0x1b6599b46d8 of 120 bytes failed: Only part of a ReadProcessMemory or WriteProcessMemory request was completed. (0x12B)
[0807/223138.329:ERROR:process_memory_win.cc(73)] ReadMemory at 0x1b6599b4752 of 750 bytes failed: Only part of a ReadProcessMemory or WriteProcessMemory request was completed. (0x12B)
[0807/223138.329:ERROR:process_memory_win.cc(73)] ReadMemory at 0x1b6599b4a42 of 120 bytes failed: Only part of a ReadProcessMemory or WriteProcessMemory request was completed. (0x12B)
[0807/223138.329:ERROR:process_memory_win.cc(73)] ReadMemory at 0x1b6599b4abc of 102 bytes failed: Only part of a ReadProcessMemory or WriteProcessMemory request was completed. (0x12B)
[0807/223138.329:ERROR:process_memory_win.cc(73)] ReadMemory at 0x1b6599b4b30 of 58 bytes failed: Only part of a ReadProcessMemory or WriteProcessMemory request was completed. (0x12B)
[0807/223138.329:ERROR:process_memory_win.cc(73)] ReadMemory at 0x1b6599b4c30 of 132 bytes failed: Only part of a ReadProcessMemory or WriteProcessMemory request was completed. (0x12B)
[0807/223138.329:ERROR:process_memory_win.cc(73)] ReadMemory at 0x1b6599b4dc0 of 132 bytes failed: Only part of a ReadProcessMemory or WriteProcessMemory request was completed. (0x12B)
[0807/223138.329:ERROR:process_memory_win.cc(73)] ReadMemory at 0x1b6599b5360 of 132 bytes failed: Only part of a ReadProcessMemory or WriteProcessMemory request was completed. (0x12B)
[0807/223138.329:ERROR:process_memory_win.cc(73)] ReadMemory at 0x1b6599b54f0 of 64 bytes failed: Only part of a ReadProcessMemory or WriteProcessMemory request was completed. (0x12B)
[0807/223138.329:ERROR:process_memory_win.cc(73)] ReadMemory at 0x1b6599b56b0 of 132 bytes failed: Only part of a ReadProcessMemory or WriteProcessMemory request was completed. (0x12B)
[0807/223138.329:ERROR:process_memory_win.cc(73)] ReadMemory at 0x1b6599b5930 of 132 bytes failed: Only part of a ReadProcessMemory or WriteProcessMemory request was completed. (0x12B)
[0807/223138.329:ERROR:process_memory_win.cc(73)] ReadMemory at 0x1b6599b5ac0 of 68 bytes failed: Only part of a ReadProcessMemory or WriteProcessMemory request was completed. (0x12B)
[0807/223138.329:ERROR:process_memory_win.cc(73)] ReadMemory at 0x1b6599b6870 of 152 bytes failed: Only part of a ReadProcessMemory or WriteProcessMemory request was completed. (0x12B)
[0807/223138.329:ERROR:process_memory_win.cc(73)] ReadMemory at 0x1b6599c6480 of 132 bytes failed: Only part of a ReadProcessMemory or WriteProcessMemory request was completed. (0x12B)
[0807/223138.329:ERROR:process_memory_win.cc(73)] ReadMemory at 0x1b6599c6d70 of 80 bytes failed: Only part of a ReadProcessMemory or WriteProcessMemory request was completed. (0x12B)
[0807/223138.329:ERROR:process_memory_win.cc(73)] ReadMemory at 0x1b6599c7940 of 132 bytes failed: Only part of a ReadProcessMemory or WriteProcessMemory request was completed. (0x12B)
[0807/223138.329:ERROR:process_memory_win.cc(73)] ReadMemory at 0x1b6599c7f90 of 132 bytes failed: Only part of a ReadProcessMemory or WriteProcessMemory request was completed. (0x12B)
[0807/223138.329:ERROR:process_memory_win.cc(73)] ReadMemory at 0x1b6599c8190 of 132 bytes failed: Only part of a ReadProcessMemory or WriteProcessMemory request was completed. (0x12B)
[0807/223138.360:ERROR:process_memory_win.cc(73)] ReadMemory at 0x1b6599c8490 of 144 bytes failed: Only part of a ReadProcessMemory or WriteProcessMemory request was completed. (0x12B)
[0807/223138.360:ERROR:process_memory_win.cc(73)] ReadMemory at 0x1b6599c85d0 of 132 bytes failed: Only part of a ReadProcessMemory or WriteProcessMemory request was completed. (0x12B)
[0807/223138.360:ERROR:process_memory_win.cc(73)] ReadMemory at 0x1b6599c87e0 of 132 bytes failed: Only part of a ReadProcessMemory or WriteProcessMemory request was completed. (0x12B)
[0807/223138.360:ERROR:process_memory_win.cc(73)] ReadMemory at 0x1b6599cbed0 of 48 bytes failed: Only part of a ReadProcessMemory or WriteProcessMemory request was completed. (0x12B)
[0807/223138.360:ERROR:process_memory_win.cc(73)] ReadMemory at 0x1b6599cbf50 of 48 bytes failed: Only part of a ReadProcessMemory or WriteProcessMemory request was completed. (0x12B)
[0807/223138.360:ERROR:process_memory_win.cc(73)] ReadMemory at 0x1b6599ccc80 of 40 bytes failed: Only part of a ReadProcessMemory or WriteProcessMemory request was completed. (0x12B)
[0807/223138.360:ERROR:process_memory_win.cc(73)] ReadMemory at 0x1b6599cda10 of 132 bytes failed: Only part of a ReadProcessMemory or WriteProcessMemory request was completed. (0x12B)
[0807/223138.360:ERROR:process_memory_win.cc(73)] ReadMemory at 0x1b6599cdc30 of 132 bytes failed: Only part of a ReadProcessMemory or WriteProcessMemory request was completed. (0x12B)
[0807/223138.360:ERROR:process_memory_win.cc(73)] ReadMemory at 0x1b6599cdfb0 of 132 bytes failed: Only part of a ReadProcessMemory or WriteProcessMemory request was completed. (0x12B)
[0807/223138.360:ERROR:process_memory_win.cc(73)] ReadMemory at 0x1b6599ce0e0 of 132 bytes failed: Only part of a ReadProcessMemory or WriteProcessMemory request was completed. (0x12B)
[0807/223138.360:ERROR:process_memory_win.cc(73)] ReadMemory at 0x1b6599ce210 of 132 bytes failed: Only part of a ReadProcessMemory or WriteProcessMemory request was completed. (0x12B)
[0807/223138.360:ERROR:process_memory_win.cc(73)] ReadMemory at 0x1b6599ce470 of 132 bytes failed: Only part of a ReadProcessMemory or WriteProcessMemory request was completed. (0x12B)
[0807/223138.360:ERROR:process_memory_win.cc(73)] ReadMemory at 0x1b6599ce5a0 of 132 bytes failed: Only part of a ReadProcessMemory or WriteProcessMemory request was completed. (0x12B)
[0807/223138.360:ERROR:process_memory_win.cc(73)] ReadMemory at 0x1b6599cf920 of 132 bytes failed: Only part of a ReadProcessMemory or WriteProcessMemory request was completed. (0x12B)
[0807/223138.360:ERROR:process_memory_win.cc(73)] ReadMemory at 0x1b6599cfa50 of 132 bytes failed: Only part of a ReadProcessMemory or WriteProcessMemory request was completed. (0x12B)
[0807/223138.360:ERROR:process_memory_win.cc(73)] ReadMemory at 0x1b6599cfb80 of 132 bytes failed: Only part of a ReadProcessMemory or WriteProcessMemory request was completed. (0x12B)
[0807/223138.360:ERROR:process_memory_win.cc(73)] ReadMemory at 0x1b6599d0ef0 of 54 bytes failed: Only part of a ReadProcessMemory or WriteProcessMemory request was completed. (0x12B)
[0807/223138.360:ERROR:process_memory_win.cc(73)] ReadMemory at 0x1b6599d1ba0 of 132 bytes failed: Only part of a ReadProcessMemory or WriteProcessMemory request was completed. (0x12B)
[0807/223138.360:ERROR:process_memory_win.cc(73)] ReadMemory at 0x1b6599d2080 of 64 bytes failed: Only part of a ReadProcessMemory or WriteProcessMemory request was completed. (0x12B)
[0807/223138.360:ERROR:process_memory_win.cc(73)] ReadMemory at 0x1b6599d20d0 of 64 bytes failed: Only part of a ReadProcessMemory or WriteProcessMemory request was completed. (0x12B)
[0807/223138.360:ERROR:process_memory_win.cc(73)] ReadMemory at 0x1b6599d2170 of 64 bytes failed: Only part of a ReadProcessMemory or WriteProcessMemory request was completed. (0x12B)
[0807/223138.360:ERROR:process_memory_win.cc(73)] ReadMemory at 0x1b6599d2210 of 58 bytes failed: Only part of a ReadProcessMemory or WriteProcessMemory request was completed. (0x12B)
[0807/223138.360:ERROR:process_memory_win.cc(73)] ReadMemory at 0x1b6599d2260 of 62 bytes failed: Only part of a ReadProcessMemory or WriteProcessMemory request was completed. (0x12B)
[0807/223138.360:ERROR:process_memory_win.cc(73)] ReadMemory at 0x1b6599d2350 of 64 bytes failed: Only part of a ReadProcessMemory or WriteProcessMemory request was completed. (0x12B)
[0807/223138.360:ERROR:process_memory_win.cc(73)] ReadMemory at 0x1b6599d23a0 of 60 bytes failed: Only part of a ReadProcessMemory or WriteProcessMemory request was completed. (0x12B)
[0807/223138.360:ERROR:process_memory_win.cc(73)] ReadMemory at 0x1b6599d2490 of 60 bytes failed: Only part of a ReadProcessMemory or WriteProcessMemory request was completed. (0x12B)
[0807/223138.360:ERROR:process_memory_win.cc(73)] ReadMemory at 0x1b6599d2530 of 60 bytes failed: Only part of a ReadProcessMemory or WriteProcessMemory request was completed. (0x12B)
[0807/223138.360:ERROR:process_memory_win.cc(73)] ReadMemory at 0x1b6599d25d0 of 60 bytes failed: Only part of a ReadProcessMemory or WriteProcessMemory request was completed. (0x12B)
[0807/223138.360:ERROR:process_memory_win.cc(73)] ReadMemory at 0x1b6599d2620 of 64 bytes failed: Only part of a ReadProcessMemory or WriteProcessMemory request was completed. (0x12B)
[0807/223138.360:ERROR:process_memory_win.cc(73)] ReadMemory at 0x1b6599d2670 of 60 bytes failed: Only part of a ReadProcessMemory or WriteProcessMemory request was completed. (0x12B)
[0807/223138.360:ERROR:process_memory_win.cc(73)] ReadMemory at 0x1b6599d26c0 of 60 bytes failed: Only part of a ReadProcessMemory or WriteProcessMemory request was completed. (0x12B)
[0807/223138.360:ERROR:process_memory_win.cc(73)] ReadMemory at 0x1b6599d2710 of 62 bytes failed: Only part of a ReadProcessMemory or WriteProcessMemory request was completed. (0x12B)
[0807/223138.360:ERROR:process_memory_win.cc(73)] ReadMemory at 0x1b6599d2760 of 62 bytes failed: Only part of a ReadProcessMemory or WriteProcessMemory request was completed. (0x12B)
[0807/223138.360:ERROR:process_memory_win.cc(73)] ReadMemory at 0x1b6599d2800 of 66 bytes failed: Only part of a ReadProcessMemory or WriteProcessMemory request was completed. (0x12B)
[0807/223138.360:ERROR:process_memory_win.cc(73)] ReadMemory at 0x1b6599d28a0 of 62 bytes failed: Only part of a ReadProcessMemory or WriteProcessMemory request was completed. (0x12B)
[0807/223138.360:ERROR:process_memory_win.cc(73)] ReadMemory at 0x1b6599d2a30 of 64 bytes failed: Only part of a ReadProcessMemory or WriteProcessMemory request was completed. (0x12B)
[0807/223138.360:ERROR:process_memory_win.cc(73)] ReadMemory at 0x1b6599d2ad0 of 62 bytes failed: Only part of a ReadProcessMemory or WriteProcessMemory request was completed. (0x12B)
[0807/223138.360:ERROR:process_memory_win.cc(73)] ReadMemory at 0x1b6599d2b20 of 62 bytes failed: Only part of a ReadProcessMemory or WriteProcessMemory request was completed. (0x12B)
[0807/223138.360:ERROR:process_memory_win.cc(73)] ReadMemory at 0x1b6599d2b70 of 64 bytes failed: Only part of a ReadProcessMemory or WriteProcessMemory request was completed. (0x12B)
[0807/223138.360:ERROR:process_memory_win.cc(73)] ReadMemory at 0x1b6599d2bc0 of 64 bytes failed: Only part of a ReadProcessMemory or WriteProcessMemory request was completed. (0x12B)
[0807/223138.360:ERROR:process_memory_win.cc(73)] ReadMemory at 0x1b6599d2c60 of 60 bytes failed: Only part of a ReadProcessMemory or WriteProcessMemory request was completed. (0x12B)
[0807/223138.360:ERROR:process_memory_win.cc(73)] ReadMemory at 0x1b6599d2d00 of 62 bytes failed: Only part of a ReadProcessMemory or WriteProcessMemory request was completed. (0x12B)
[0807/223138.360:ERROR:process_memory_win.cc(73)] ReadMemory at 0x1b6599d2d50 of 62 bytes failed: Only part of a ReadProcessMemory or WriteProcessMemory request was completed. (0x12B)
[0807/223138.360:ERROR:process_memory_win.cc(73)] ReadMemory at 0x1b6599d2df0 of 62 bytes failed: Only part of a ReadProcessMemory or WriteProcessMemory request was completed. (0x12B)
[0807/223138.360:ERROR:process_memory_win.cc(73)] ReadMemory at 0x1b6599d2e90 of 66 bytes failed: Only part of a ReadProcessMemory or WriteProcessMemory request was completed. (0x12B)
